<?xml version="1.0" encoding="UTF-8"?>
<testsuite xmlns:xsi="http://www.w3.org/2001/XMLSchema-instance" xsi:noNamespaceSchemaLocation="https://maven.apache.org/surefire/maven-surefire-plugin/xsd/surefire-test-report.xsd" name="com.leotita.server.ServerApplicationTests" time="2.206" tests="1" errors="0" skipped="0" failures="0">
  <properties>
    <property name="sun.desktop" value="windows"/>
    <property name="awt.toolkit" value="sun.awt.windows.WToolkit"/>
    <property name="file.encoding.pkg" value="sun.io"/>
    <property name="java.specification.version" value="1.8"/>
    <property name="sun.cpu.isalist" value="amd64"/>
    <property name="sun.jnu.encoding" value="GBK"/>
    <property name="java.class.path" value="E:\server\target\test-classes;E:\server\target\classes;E:\maven-repository-mine\org\springframework\boot\spring-boot-starter-web\2.7.4\spring-boot-starter-web-2.7.4.jar;E:\maven-repository-mine\org\springframework\boot\spring-boot-starter\2.7.4\spring-boot-starter-2.7.4.jar;E:\maven-repository-mine\org\springframework\boot\spring-boot\2.7.4\spring-boot-2.7.4.jar;E:\maven-repository-mine\org\springframework\boot\spring-boot-autoconfigure\2.7.4\spring-boot-autoconfigure-2.7.4.jar;E:\maven-repository-mine\jakarta\annotation\jakarta.annotation-api\1.3.5\jakarta.annotation-api-1.3.5.jar;E:\maven-repository-mine\org\yaml\snakeyaml\1.30\snakeyaml-1.30.jar;E:\maven-repository-mine\org\springframework\boot\spring-boot-starter-json\2.7.4\spring-boot-starter-json-2.7.4.jar;E:\maven-repository-mine\com\fasterxml\jackson\core\jackson-databind\2.13.4\jackson-databind-2.13.4.jar;E:\maven-repository-mine\com\fasterxml\jackson\core\jackson-annotations\2.13.4\jackson-annotations-2.13.4.jar;E:\maven-repository-mine\com\fasterxml\jackson\core\jackson-core\2.13.4\jackson-core-2.13.4.jar;E:\maven-repository-mine\com\fasterxml\jackson\datatype\jackson-datatype-jdk8\2.13.4\jackson-datatype-jdk8-2.13.4.jar;E:\maven-repository-mine\com\fasterxml\jackson\datatype\jackson-datatype-jsr310\2.13.4\jackson-datatype-jsr310-2.13.4.jar;E:\maven-repository-mine\com\fasterxml\jackson\module\jackson-module-parameter-names\2.13.4\jackson-module-parameter-names-2.13.4.jar;E:\maven-repository-mine\org\springframework\boot\spring-boot-starter-tomcat\2.7.4\spring-boot-starter-tomcat-2.7.4.jar;E:\maven-repository-mine\org\apache\tomcat\embed\tomcat-embed-core\9.0.65\tomcat-embed-core-9.0.65.jar;E:\maven-repository-mine\org\apache\tomcat\embed\tomcat-embed-el\9.0.65\tomcat-embed-el-9.0.65.jar;E:\maven-repository-mine\org\apache\tomcat\embed\tomcat-embed-websocket\9.0.65\tomcat-embed-websocket-9.0.65.jar;E:\maven-repository-mine\org\springframework\spring-web\5.3.23\spring-web-5.3.23.jar;E:\maven-repository-mine\org\springframework\spring-beans\5.3.23\spring-beans-5.3.23.jar;E:\maven-repository-mine\org\springframework\spring-webmvc\5.3.23\spring-webmvc-5.3.23.jar;E:\maven-repository-mine\org\springframework\spring-aop\5.3.23\spring-aop-5.3.23.jar;E:\maven-repository-mine\org\springframework\spring-context\5.3.23\spring-context-5.3.23.jar;E:\maven-repository-mine\org\springframework\spring-expression\5.3.23\spring-expression-5.3.23.jar;E:\maven-repository-mine\org\projectlombok\lombok\1.18.24\lombok-1.18.24.jar;E:\maven-repository-mine\org\springframework\boot\spring-boot-starter-test\2.7.4\spring-boot-starter-test-2.7.4.jar;E:\maven-repository-mine\org\springframework\boot\spring-boot-test\2.7.4\spring-boot-test-2.7.4.jar;E:\maven-repository-mine\org\springframework\boot\spring-boot-test-autoconfigure\2.7.4\spring-boot-test-autoconfigure-2.7.4.jar;E:\maven-repository-mine\com\jayway\jsonpath\json-path\2.7.0\json-path-2.7.0.jar;E:\maven-repository-mine\net\minidev\json-smart\2.4.8\json-smart-2.4.8.jar;E:\maven-repository-mine\net\minidev\accessors-smart\2.4.8\accessors-smart-2.4.8.jar;E:\maven-repository-mine\org\ow2\asm\asm\9.1\asm-9.1.jar;E:\maven-repository-mine\org\slf4j\slf4j-api\1.7.36\slf4j-api-1.7.36.jar;E:\maven-repository-mine\jakarta\xml\bind\jakarta.xml.bind-api\2.3.3\jakarta.xml.bind-api-2.3.3.jar;E:\maven-repository-mine\jakarta\activation\jakarta.activation-api\1.2.2\jakarta.activation-api-1.2.2.jar;E:\maven-repository-mine\org\assertj\assertj-core\3.22.0\assertj-core-3.22.0.jar;E:\maven-repository-mine\org\hamcrest\hamcrest\2.2\hamcrest-2.2.jar;E:\maven-repository-mine\org\junit\jupiter\junit-jupiter\5.8.2\junit-jupiter-5.8.2.jar;E:\maven-repository-mine\org\junit\jupiter\junit-jupiter-api\5.8.2\junit-jupiter-api-5.8.2.jar;E:\maven-repository-mine\org\opentest4j\opentest4j\1.2.0\opentest4j-1.2.0.jar;E:\maven-repository-mine\org\junit\platform\junit-platform-commons\1.8.2\junit-platform-commons-1.8.2.jar;E:\maven-repository-mine\org\apiguardian\apiguardian-api\1.1.2\apiguardian-api-1.1.2.jar;E:\maven-repository-mine\org\junit\jupiter\junit-jupiter-params\5.8.2\junit-jupiter-params-5.8.2.jar;E:\maven-repository-mine\org\junit\jupiter\junit-jupiter-engine\5.8.2\junit-jupiter-engine-5.8.2.jar;E:\maven-repository-mine\org\junit\platform\junit-platform-engine\1.8.2\junit-platform-engine-1.8.2.jar;E:\maven-repository-mine\org\mockito\mockito-core\4.5.1\mockito-core-4.5.1.jar;E:\maven-repository-mine\net\bytebuddy\byte-buddy\1.12.17\byte-buddy-1.12.17.jar;E:\maven-repository-mine\net\bytebuddy\byte-buddy-agent\1.12.17\byte-buddy-agent-1.12.17.jar;E:\maven-repository-mine\org\objenesis\objenesis\3.2\objenesis-3.2.jar;E:\maven-repository-mine\org\mockito\mockito-junit-jupiter\4.5.1\mockito-junit-jupiter-4.5.1.jar;E:\maven-repository-mine\org\skyscreamer\jsonassert\1.5.1\jsonassert-1.5.1.jar;E:\maven-repository-mine\com\vaadin\external\google\android-json\0.0.20131108.vaadin1\android-json-0.0.20131108.vaadin1.jar;E:\maven-repository-mine\org\springframework\spring-core\5.3.23\spring-core-5.3.23.jar;E:\maven-repository-mine\org\springframework\spring-jcl\5.3.23\spring-jcl-5.3.23.jar;E:\maven-repository-mine\org\springframework\spring-test\5.3.23\spring-test-5.3.23.jar;E:\maven-repository-mine\org\xmlunit\xmlunit-core\2.9.0\xmlunit-core-2.9.0.jar;E:\maven-repository-mine\com\alibaba\druid\1.2.13-SNSAPSHOT\druid-1.2.13-SNSAPSHOT.jar;E:\maven-repository-mine\mysql\mysql-connector-java\8.0.28\mysql-connector-java-8.0.28.jar;E:\maven-repository-mine\org\mybatis\mybatis\3.5.11\mybatis-3.5.11.jar;E:\maven-repository-mine\org\mybatis\mybatis-spring\2.0.7\mybatis-spring-2.0.7.jar;E:\maven-repository-mine\org\mybatis\spring\boot\mybatis-spring-boot-starter\2.2.2\mybatis-spring-boot-starter-2.2.2.jar;E:\maven-repository-mine\org\springframework\boot\spring-boot-starter-jdbc\2.7.4\spring-boot-starter-jdbc-2.7.4.jar;E:\maven-repository-mine\com\zaxxer\HikariCP\4.0.3\HikariCP-4.0.3.jar;E:\maven-repository-mine\org\springframework\spring-jdbc\5.3.23\spring-jdbc-5.3.23.jar;E:\maven-repository-mine\org\springframework\spring-tx\5.3.23\spring-tx-5.3.23.jar;E:\maven-repository-mine\org\mybatis\spring\boot\mybatis-spring-boot-autoconfigure\2.2.2\mybatis-spring-boot-autoconfigure-2.2.2.jar;E:\maven-repository-mine\org\springframework\boot\spring-boot-starter-log4j2\2.7.4\spring-boot-starter-log4j2-2.7.4.jar;E:\maven-repository-mine\org\apache\logging\log4j\log4j-slf4j-impl\2.17.2\log4j-slf4j-impl-2.17.2.jar;E:\maven-repository-mine\org\apache\logging\log4j\log4j-api\2.17.2\log4j-api-2.17.2.jar;E:\maven-repository-mine\org\apache\logging\log4j\log4j-core\2.17.2\log4j-core-2.17.2.jar;E:\maven-repository-mine\org\apache\logging\log4j\log4j-jul\2.17.2\log4j-jul-2.17.2.jar;E:\maven-repository-mine\org\slf4j\jul-to-slf4j\1.7.36\jul-to-slf4j-1.7.36.jar;"/>
    <property name="java.vm.vendor" value="Oracle Corporation"/>
    <property name="sun.arch.data.model" value="64"/>
    <property name="user.variant" value=""/>
    <property name="java.vendor.url" value="http://java.oracle.com/"/>
    <property name="user.timezone" value="Asia/Shanghai"/>
    <property name="java.vm.specification.version" value="1.8"/>
    <property name="os.name" value="Windows 10"/>
    <property name="user.country" value="CN"/>
    <property name="sun.java.launcher" value="SUN_STANDARD"/>
    <property name="sun.boot.library.path" value="C:\Program Files\Java\jdk1.8.0_301\jre\bin"/>
    <property name="sun.java.command" value="C:\Users\Lenovo\AppData\Local\Temp\surefire3013456363919876359\surefirebooter1365908523000486421.jar C:\Users\Lenovo\AppData\Local\Temp\surefire3013456363919876359 2022-10-19T17-50-41_911-jvmRun1 surefire932542142947607571tmp surefire_0731628835100372287tmp"/>
    <property name="surefire.test.class.path" value="E:\server\target\test-classes;E:\server\target\classes;E:\maven-repository-mine\org\springframework\boot\spring-boot-starter-web\2.7.4\spring-boot-starter-web-2.7.4.jar;E:\maven-repository-mine\org\springframework\boot\spring-boot-starter\2.7.4\spring-boot-starter-2.7.4.jar;E:\maven-repository-mine\org\springframework\boot\spring-boot\2.7.4\spring-boot-2.7.4.jar;E:\maven-repository-mine\org\springframework\boot\spring-boot-autoconfigure\2.7.4\spring-boot-autoconfigure-2.7.4.jar;E:\maven-repository-mine\jakarta\annotation\jakarta.annotation-api\1.3.5\jakarta.annotation-api-1.3.5.jar;E:\maven-repository-mine\org\yaml\snakeyaml\1.30\snakeyaml-1.30.jar;E:\maven-repository-mine\org\springframework\boot\spring-boot-starter-json\2.7.4\spring-boot-starter-json-2.7.4.jar;E:\maven-repository-mine\com\fasterxml\jackson\core\jackson-databind\2.13.4\jackson-databind-2.13.4.jar;E:\maven-repository-mine\com\fasterxml\jackson\core\jackson-annotations\2.13.4\jackson-annotations-2.13.4.jar;E:\maven-repository-mine\com\fasterxml\jackson\core\jackson-core\2.13.4\jackson-core-2.13.4.jar;E:\maven-repository-mine\com\fasterxml\jackson\datatype\jackson-datatype-jdk8\2.13.4\jackson-datatype-jdk8-2.13.4.jar;E:\maven-repository-mine\com\fasterxml\jackson\datatype\jackson-datatype-jsr310\2.13.4\jackson-datatype-jsr310-2.13.4.jar;E:\maven-repository-mine\com\fasterxml\jackson\module\jackson-module-parameter-names\2.13.4\jackson-module-parameter-names-2.13.4.jar;E:\maven-repository-mine\org\springframework\boot\spring-boot-starter-tomcat\2.7.4\spring-boot-starter-tomcat-2.7.4.jar;E:\maven-repository-mine\org\apache\tomcat\embed\tomcat-embed-core\9.0.65\tomcat-embed-core-9.0.65.jar;E:\maven-repository-mine\org\apache\tomcat\embed\tomcat-embed-el\9.0.65\tomcat-embed-el-9.0.65.jar;E:\maven-repository-mine\org\apache\tomcat\embed\tomcat-embed-websocket\9.0.65\tomcat-embed-websocket-9.0.65.jar;E:\maven-repository-mine\org\springframework\spring-web\5.3.23\spring-web-5.3.23.jar;E:\maven-repository-mine\org\springframework\spring-beans\5.3.23\spring-beans-5.3.23.jar;E:\maven-repository-mine\org\springframework\spring-webmvc\5.3.23\spring-webmvc-5.3.23.jar;E:\maven-repository-mine\org\springframework\spring-aop\5.3.23\spring-aop-5.3.23.jar;E:\maven-repository-mine\org\springframework\spring-context\5.3.23\spring-context-5.3.23.jar;E:\maven-repository-mine\org\springframework\spring-expression\5.3.23\spring-expression-5.3.23.jar;E:\maven-repository-mine\org\projectlombok\lombok\1.18.24\lombok-1.18.24.jar;E:\maven-repository-mine\org\springframework\boot\spring-boot-starter-test\2.7.4\spring-boot-starter-test-2.7.4.jar;E:\maven-repository-mine\org\springframework\boot\spring-boot-test\2.7.4\spring-boot-test-2.7.4.jar;E:\maven-repository-mine\org\springframework\boot\spring-boot-test-autoconfigure\2.7.4\spring-boot-test-autoconfigure-2.7.4.jar;E:\maven-repository-mine\com\jayway\jsonpath\json-path\2.7.0\json-path-2.7.0.jar;E:\maven-repository-mine\net\minidev\json-smart\2.4.8\json-smart-2.4.8.jar;E:\maven-repository-mine\net\minidev\accessors-smart\2.4.8\accessors-smart-2.4.8.jar;E:\maven-repository-mine\org\ow2\asm\asm\9.1\asm-9.1.jar;E:\maven-repository-mine\org\slf4j\slf4j-api\1.7.36\slf4j-api-1.7.36.jar;E:\maven-repository-mine\jakarta\xml\bind\jakarta.xml.bind-api\2.3.3\jakarta.xml.bind-api-2.3.3.jar;E:\maven-repository-mine\jakarta\activation\jakarta.activation-api\1.2.2\jakarta.activation-api-1.2.2.jar;E:\maven-repository-mine\org\assertj\assertj-core\3.22.0\assertj-core-3.22.0.jar;E:\maven-repository-mine\org\hamcrest\hamcrest\2.2\hamcrest-2.2.jar;E:\maven-repository-mine\org\junit\jupiter\junit-jupiter\5.8.2\junit-jupiter-5.8.2.jar;E:\maven-repository-mine\org\junit\jupiter\junit-jupiter-api\5.8.2\junit-jupiter-api-5.8.2.jar;E:\maven-repository-mine\org\opentest4j\opentest4j\1.2.0\opentest4j-1.2.0.jar;E:\maven-repository-mine\org\junit\platform\junit-platform-commons\1.8.2\junit-platform-commons-1.8.2.jar;E:\maven-repository-mine\org\apiguardian\apiguardian-api\1.1.2\apiguardian-api-1.1.2.jar;E:\maven-repository-mine\org\junit\jupiter\junit-jupiter-params\5.8.2\junit-jupiter-params-5.8.2.jar;E:\maven-repository-mine\org\junit\jupiter\junit-jupiter-engine\5.8.2\junit-jupiter-engine-5.8.2.jar;E:\maven-repository-mine\org\junit\platform\junit-platform-engine\1.8.2\junit-platform-engine-1.8.2.jar;E:\maven-repository-mine\org\mockito\mockito-core\4.5.1\mockito-core-4.5.1.jar;E:\maven-repository-mine\net\bytebuddy\byte-buddy\1.12.17\byte-buddy-1.12.17.jar;E:\maven-repository-mine\net\bytebuddy\byte-buddy-agent\1.12.17\byte-buddy-agent-1.12.17.jar;E:\maven-repository-mine\org\objenesis\objenesis\3.2\objenesis-3.2.jar;E:\maven-repository-mine\org\mockito\mockito-junit-jupiter\4.5.1\mockito-junit-jupiter-4.5.1.jar;E:\maven-repository-mine\org\skyscreamer\jsonassert\1.5.1\jsonassert-1.5.1.jar;E:\maven-repository-mine\com\vaadin\external\google\android-json\0.0.20131108.vaadin1\android-json-0.0.20131108.vaadin1.jar;E:\maven-repository-mine\org\springframework\spring-core\5.3.23\spring-core-5.3.23.jar;E:\maven-repository-mine\org\springframework\spring-jcl\5.3.23\spring-jcl-5.3.23.jar;E:\maven-repository-mine\org\springframework\spring-test\5.3.23\spring-test-5.3.23.jar;E:\maven-repository-mine\org\xmlunit\xmlunit-core\2.9.0\xmlunit-core-2.9.0.jar;E:\maven-repository-mine\com\alibaba\druid\1.2.13-SNSAPSHOT\druid-1.2.13-SNSAPSHOT.jar;E:\maven-repository-mine\mysql\mysql-connector-java\8.0.28\mysql-connector-java-8.0.28.jar;E:\maven-repository-mine\org\mybatis\mybatis\3.5.11\mybatis-3.5.11.jar;E:\maven-repository-mine\org\mybatis\mybatis-spring\2.0.7\mybatis-spring-2.0.7.jar;E:\maven-repository-mine\org\mybatis\spring\boot\mybatis-spring-boot-starter\2.2.2\mybatis-spring-boot-starter-2.2.2.jar;E:\maven-repository-mine\org\springframework\boot\spring-boot-starter-jdbc\2.7.4\spring-boot-starter-jdbc-2.7.4.jar;E:\maven-repository-mine\com\zaxxer\HikariCP\4.0.3\HikariCP-4.0.3.jar;E:\maven-repository-mine\org\springframework\spring-jdbc\5.3.23\spring-jdbc-5.3.23.jar;E:\maven-repository-mine\org\springframework\spring-tx\5.3.23\spring-tx-5.3.23.jar;E:\maven-repository-mine\org\mybatis\spring\boot\mybatis-spring-boot-autoconfigure\2.2.2\mybatis-spring-boot-autoconfigure-2.2.2.jar;E:\maven-repository-mine\org\springframework\boot\spring-boot-starter-log4j2\2.7.4\spring-boot-starter-log4j2-2.7.4.jar;E:\maven-repository-mine\org\apache\logging\log4j\log4j-slf4j-impl\2.17.2\log4j-slf4j-impl-2.17.2.jar;E:\maven-repository-mine\org\apache\logging\log4j\log4j-api\2.17.2\log4j-api-2.17.2.jar;E:\maven-repository-mine\org\apache\logging\log4j\log4j-core\2.17.2\log4j-core-2.17.2.jar;E:\maven-repository-mine\org\apache\logging\log4j\log4j-jul\2.17.2\log4j-jul-2.17.2.jar;E:\maven-repository-mine\org\slf4j\jul-to-slf4j\1.7.36\jul-to-slf4j-1.7.36.jar;"/>
    <property name="sun.cpu.endian" value="little"/>
    <property name="user.home" value="C:\Users\Lenovo"/>
    <property name="user.language" value="zh"/>
    <property name="java.specification.vendor" value="Oracle Corporation"/>
    <property name="java.home" value="C:\Program Files\Java\jdk1.8.0_301\jre"/>
    <property name="basedir" value="E:\server"/>
    <property name="file.separator" value="\"/>
    <property name="line.separator" value="&#10;"/>
    <property name="java.vm.specification.vendor" value="Oracle Corporation"/>
    <property name="java.specification.name" value="Java Platform API Specification"/>
    <property name="java.awt.graphicsenv" value="sun.awt.Win32GraphicsEnvironment"/>
    <property name="surefire.real.class.path" value="C:\Users\Lenovo\AppData\Local\Temp\surefire3013456363919876359\surefirebooter1365908523000486421.jar"/>
    <property name="sun.boot.class.path" value="C:\Program Files\Java\jdk1.8.0_301\jre\lib\resources.jar;C:\Program Files\Java\jdk1.8.0_301\jre\lib\rt.jar;C:\Program Files\Java\jdk1.8.0_301\jre\lib\sunrsasign.jar;C:\Program Files\Java\jdk1.8.0_301\jre\lib\jsse.jar;C:\Program Files\Java\jdk1.8.0_301\jre\lib\jce.jar;C:\Program Files\Java\jdk1.8.0_301\jre\lib\charsets.jar;C:\Program Files\Java\jdk1.8.0_301\jre\lib\jfr.jar;C:\Program Files\Java\jdk1.8.0_301\jre\classes"/>
    <property name="user.script" value=""/>
    <property name="sun.management.compiler" value="HotSpot 64-Bit Tiered Compilers"/>
    <property name="java.runtime.version" value="1.8.0_301-b09"/>
    <property name="user.name" value="Lenovo"/>
    <property name="path.separator" value=";"/>
    <property name="os.version" value="10.0"/>
    <property name="java.endorsed.dirs" value="C:\Program Files\Java\jdk1.8.0_301\jre\lib\endorsed"/>
    <property name="java.runtime.name" value="Java(TM) SE Runtime Environment"/>
    <property name="file.encoding" value="GBK"/>
    <property name="java.vm.name" value="Java HotSpot(TM) 64-Bit Server VM"/>
    <property name="localRepository" value="E:\maven-repository-mine"/>
    <property name="java.vendor.url.bug" value="http://bugreport.sun.com/bugreport/"/>
    <property name="java.io.tmpdir" value="C:\Users\Lenovo\AppData\Local\Temp\"/>
    <property name="idea.version" value="2022.2.3"/>
    <property name="java.version" value="1.8.0_301"/>
    <property name="user.dir" value="E:\server"/>
    <property name="os.arch" value="amd64"/>
    <property name="java.vm.specification.name" value="Java Virtual Machine Specification"/>
    <property name="java.awt.printerjob" value="sun.awt.windows.WPrinterJob"/>
    <property name="sun.os.patch.level" value=""/>
    <property name="java.library.path" value="C:\Program Files\Java\jdk1.8.0_301\jre\bin;C:\WINDOWS\Sun\Java\bin;C:\WINDOWS\system32;C:\WINDOWS;C:\Program Files (x86)\Common Files\Oracle\Java\javapath;C:\WINDOWS\system32;C:\WINDOWS;C:\WINDOWS\System32\Wbem;C:\WINDOWS\System32\WindowsPowerShell\v1.0\;C:\WINDOWS\System32\OpenSSH\;C:\Program Files\Git\cmd;C:\Program Files\Maven\apache-maven-3.8.1\bin;C:\Program Files\Java\jdk1.8.0_301\bin;C:\Program Files\TortoiseSVN\bin;C:\msys64\mingw64\bin;?C:\Users\Lenovo\Desktop\TableCode.exe;C:\Users\Lenovo\AppData\Local\Microsoft\WindowsApps;;C:\Users\Lenovo\AppData\Local\Programs\Microsoft VS Code\bin;C:\Users\Lenovo\AppData\Local\Pandoc\;."/>
    <property name="java.vm.info" value="mixed mode"/>
    <property name="java.vendor" value="Oracle Corporation"/>
    <property name="java.vm.version" value="25.301-b09"/>
    <property name="java.ext.dirs" value="C:\Program Files\Java\jdk1.8.0_301\jre\lib\ext;C:\WINDOWS\Sun\Java\lib\ext"/>
    <property name="sun.io.unicode.encoding" value="UnicodeLittle"/>
    <property name="java.class.version" value="52.0"/>
  </properties>
  <testcase name="contextLoads" classname="com.leotita.server.ServerApplicationTests" time="0.158"/>
</testsuite>